/home/pinyuan/.local/lib/python3.12/site-packages/ase/md/nvtberendsen.py:98: RuntimeWarning: divide by zero encountered in scalar divide
  1.0 + (self.temperature / old_temperature - 1.0) * tautscl
srun: Job step aborted: Waiting up to 32 seconds for job step to finish.
slurmstepd: error: *** JOB 659 ON cguhpc2 CANCELLED AT 2025-10-01T16:51:05 ***
slurmstepd: error: *** STEP 659.0 ON cguhpc2 CANCELLED AT 2025-10-01T16:51:05 ***
